<?xml version="1.0" encoding="UTF-8"?>
<testng-results skipped="0" failed="0" ignored="0" total="1" passed="1">
  <reporter-output>
  </reporter-output>
  <suite name="Default suite" duration-ms="13742" started-at="2017-09-08T06:12:07Z" finished-at="2017-09-08T06:12:20Z">
    <groups>
    </groups>
    <test name="Default test" duration-ms="13742" started-at="2017-09-08T06:12:07Z" finished-at="2017-09-08T06:12:20Z">
      <class name="testcases.loginpageverification">
        <test-method status="PASS" signature="loginverify()[pri:0, instance:testcases.loginpageverification@3532ec19]" name="loginverify" duration-ms="13706" started-at="2017-09-07T23:12:07Z" finished-at="2017-09-07T23:12:20Z">
          <reporter-output>
          </reporter-output>
        </test-method> <!-- loginverify -->
      </class> <!-- testcases.loginpageverification -->
    </test> <!-- Default test -->
  </suite> <!-- Default suite -->
</testng-results>
